


ARM Macro Assembler    Page 1 


    1 00000000 40004200 
                       PIN_RESET
                               EQU              0x40004200
    2 00000000 40008008 
                       SSI0_DR_R
                               EQU              0x40008008
    3 00000000 4000800C 
                       SSI0_SR_R
                               EQU              0x4000800C
    4 00000000 40004100 
                       DC      EQU              0x40004100
    5 00000000         
    6 00000000         ;LABEL  DIRECTIVE VALUE  COMMENT
    7 00000000                 AREA             main   , READONLY, CODE
    8 00000000                 THUMB                        ; Subsequent instru
                                                            ctions are Thumb
    9 00000000                 EXPORT           CONFIG_NOKIA ; Make available
   10 00000000                 EXTERN           DELAY100
   11 00000000         
   12 00000000         CONFIG_NOKIA
                               PROC
   13 00000000         
   14 00000000 B500            PUSH             {LR}
   15 00000002 492B            LDR              R1, =DC
   16 00000004 6808            LDR              R0, [R1]
   17 00000006 F04F 0000       MOV              R0, #0      ; 
   18 0000000A 6008            STR              R0, [R1]
   19 0000000C         
   20 0000000C 4929            LDR              R1, =PIN_RESET
   21 0000000E 6808            LDR              R0, [R1]
   22 00000010 F04F 0000       MOV              R0, #0      ; 
   23 00000014 6008            STR              R0, [R1]
   24 00000016         
   25 00000016 F7FF FFFE       BL               DELAY100
   26 0000001A F7FF FFFE       BL               DELAY100
   27 0000001E         
   28 0000001E 4925            LDR              R1, =PIN_RESET
   29 00000020 6808            LDR              R0, [R1]
   30 00000022 F04F 0080       MOV              R0, #0x80   ;
   31 00000026 6008            STR              R0, [R1]
   32 00000028         
   33 00000028 4923    WAIT1   LDR              R1, =SSI0_SR_R
   34 0000002A 6808            LDR              R0, [R1]
   35 0000002C F010 0010       ANDS             R0, #0x00000010 ;SSI Busy Bit
   36 00000030 D1FA            BNE              WAIT1
   37 00000032         
   38 00000032 4922            LDR              R1, =SSI0_DR_R
   39 00000034 6808            LDR              R0, [R1]
   40 00000036 F04F 0021       MOV              R0, #0x21   ;chip active; horiz
                                                            ontal addressing mo
                                                            de (V = 0); use ext
                                                            ended instruction s
                                                            et (H = 1)
   41 0000003A 6008            STR              R0, [R1]
   42 0000003C         
   43 0000003C 491E    WAIT2   LDR              R1, =SSI0_SR_R
   44 0000003E 6808            LDR              R0, [R1]
   45 00000040 F010 0010       ANDS             R0, #0x00000010 ;SSI Busy Bit
   46 00000044 D1FA            BNE              WAIT2



ARM Macro Assembler    Page 2 


   47 00000046         
   48 00000046         
   49 00000046 491D            LDR              R1, =SSI0_DR_R
   50 00000048 6808            LDR              R0, [R1]
   51 0000004A F04F 00BF       MOV              R0, #0xBF   ; try 0xB1 (for 3.3
                                                            V red SparkFun), 0x
                                                            B8 (for 3.3V blue S
                                                            parkFun), 0xBF if y
                                                            our display is too 
                                                            dark, or 0x80 to 0x
                                                            FF if experimenting
                                                            
   52 0000004E 6008            STR              R0, [R1]
   53 00000050         
   54 00000050 4919    WAIT3   LDR              R1, =SSI0_SR_R
   55 00000052 6808            LDR              R0, [R1]
   56 00000054 F010 0010       ANDS             R0, #0x00000010 ;SSI Busy Bit
   57 00000058 D1FA            BNE              WAIT3
   58 0000005A         
   59 0000005A         
   60 0000005A 4918            LDR              R1, =SSI0_DR_R
   61 0000005C 6808            LDR              R0, [R1]
   62 0000005E F04F 0004       MOV              R0, #0x04   ;set temp coefficie
                                                            nt
   63 00000062 6008            STR              R0, [R1]
   64 00000064         
   65 00000064 4914    WAIT4   LDR              R1, =SSI0_SR_R
   66 00000066 6808            LDR              R0, [R1]
   67 00000068 F010 0010       ANDS             R0, #0x00000010 ;SSI Busy Bit
   68 0000006C D1FA            BNE              WAIT4
   69 0000006E         
   70 0000006E         
   71 0000006E 4913            LDR              R1, =SSI0_DR_R
   72 00000070 6808            LDR              R0, [R1]
   73 00000072 F04F 0014       MOV              R0, #0x14   ;LCD bias mode 1:48
                                                            : try 0x13 or 0x14
   74 00000076 6008            STR              R0, [R1]
   75 00000078         
   76 00000078 490F    WAIT5   LDR              R1, =SSI0_SR_R
   77 0000007A 6808            LDR              R0, [R1]
   78 0000007C F010 0010       ANDS             R0, #0x00000010 ;SSI Busy Bit
   79 00000080 D1FA            BNE              WAIT5
   80 00000082         
   81 00000082         
   82 00000082 490E            LDR              R1, =SSI0_DR_R
   83 00000084 6808            LDR              R0, [R1]
   84 00000086 F04F 0020       MOV              R0, #0x20   ;we must send 0x20 
                                                            before modifying th
                                                            e display control m
                                                            ode
   85 0000008A 6008            STR              R0, [R1]
   86 0000008C         
   87 0000008C 490A    WAIT6   LDR              R1, =SSI0_SR_R
   88 0000008E 6808            LDR              R0, [R1]
   89 00000090 F010 0010       ANDS             R0, #0x00000010 ;SSI Busy Bit
   90 00000094 D1FA            BNE              WAIT6
   91 00000096         
   92 00000096         
   93 00000096 4909            LDR              R1, =SSI0_DR_R



ARM Macro Assembler    Page 3 


   94 00000098 6808            LDR              R0, [R1]
   95 0000009A F04F 000C       MOV              R0, #0x0C   ; set display contr
                                                            ol to normal mode: 
                                                            0x0D for inverse
   96 0000009E 6008            STR              R0, [R1]
   97 000000A0         
   98 000000A0 4905    WAIT7   LDR              R1, =SSI0_SR_R
   99 000000A2 6808            LDR              R0, [R1]
  100 000000A4 F010 0010       ANDS             R0, #0x00000010 ;SSI Busy Bit
  101 000000A8 D1FA            BNE              WAIT7
  102 000000AA         
  103 000000AA F85D EB04       POP{LR}
  104 000000AE                 ENDP
  105 000000AE 4770            BX               LR
  106 000000B0                 ALIGN
  107 000000B0                 END
              40004100 
              40004200 
              4000800C 
              40008008 
Command Line: --debug --xref --diag_suppress=9931 --cpu=Cortex-M4.fp --apcs=int
erwork --depend=.\objects\config_nokia.d -o.\objects\config_nokia.o -I.\RTE\_Ta
rget_1 -IC:\Keil_v5\ARM\PACK\Keil\TM4C_DFP\1.1.0\Device\Include\TM4C123 -IC:\Ke
il_v5\ARM\CMSIS\Include --predefine="__EVAL SETA 1" --predefine="__UVISION_VERS
ION SETA 526" --predefine="TM4C123GH6PM SETA 1" --list=.\listings\config_nokia.
lst CONFIG_NOKIA.s



ARM Macro Assembler    Page 1 Alphabetic symbol ordering
Relocatable symbols

CONFIG_NOKIA 00000000

Symbol: CONFIG_NOKIA
   Definitions
      At line 12 in file CONFIG_NOKIA.s
   Uses
      At line 9 in file CONFIG_NOKIA.s
Comment: CONFIG_NOKIA used once
WAIT1 00000028

Symbol: WAIT1
   Definitions
      At line 33 in file CONFIG_NOKIA.s
   Uses
      At line 36 in file CONFIG_NOKIA.s
Comment: WAIT1 used once
WAIT2 0000003C

Symbol: WAIT2
   Definitions
      At line 43 in file CONFIG_NOKIA.s
   Uses
      At line 46 in file CONFIG_NOKIA.s
Comment: WAIT2 used once
WAIT3 00000050

Symbol: WAIT3
   Definitions
      At line 54 in file CONFIG_NOKIA.s
   Uses
      At line 57 in file CONFIG_NOKIA.s
Comment: WAIT3 used once
WAIT4 00000064

Symbol: WAIT4
   Definitions
      At line 65 in file CONFIG_NOKIA.s
   Uses
      At line 68 in file CONFIG_NOKIA.s
Comment: WAIT4 used once
WAIT5 00000078

Symbol: WAIT5
   Definitions
      At line 76 in file CONFIG_NOKIA.s
   Uses
      At line 79 in file CONFIG_NOKIA.s
Comment: WAIT5 used once
WAIT6 0000008C

Symbol: WAIT6
   Definitions
      At line 87 in file CONFIG_NOKIA.s
   Uses
      At line 90 in file CONFIG_NOKIA.s
Comment: WAIT6 used once
WAIT7 000000A0

Symbol: WAIT7



ARM Macro Assembler    Page 2 Alphabetic symbol ordering
Relocatable symbols

   Definitions
      At line 98 in file CONFIG_NOKIA.s
   Uses
      At line 101 in file CONFIG_NOKIA.s
Comment: WAIT7 used once
main 00000000

Symbol: main
   Definitions
      At line 7 in file CONFIG_NOKIA.s
   Uses
      None
Comment: main unused
9 symbols



ARM Macro Assembler    Page 1 Alphabetic symbol ordering
Absolute symbols

DC 40004100

Symbol: DC
   Definitions
      At line 4 in file CONFIG_NOKIA.s
   Uses
      At line 15 in file CONFIG_NOKIA.s
Comment: DC used once
PIN_RESET 40004200

Symbol: PIN_RESET
   Definitions
      At line 1 in file CONFIG_NOKIA.s
   Uses
      At line 20 in file CONFIG_NOKIA.s
      At line 28 in file CONFIG_NOKIA.s

SSI0_DR_R 40008008

Symbol: SSI0_DR_R
   Definitions
      At line 2 in file CONFIG_NOKIA.s
   Uses
      At line 38 in file CONFIG_NOKIA.s
      At line 49 in file CONFIG_NOKIA.s
      At line 60 in file CONFIG_NOKIA.s
      At line 71 in file CONFIG_NOKIA.s
      At line 82 in file CONFIG_NOKIA.s
      At line 93 in file CONFIG_NOKIA.s

SSI0_SR_R 4000800C

Symbol: SSI0_SR_R
   Definitions
      At line 3 in file CONFIG_NOKIA.s
   Uses
      At line 33 in file CONFIG_NOKIA.s
      At line 43 in file CONFIG_NOKIA.s
      At line 54 in file CONFIG_NOKIA.s
      At line 65 in file CONFIG_NOKIA.s
      At line 76 in file CONFIG_NOKIA.s
      At line 87 in file CONFIG_NOKIA.s
      At line 98 in file CONFIG_NOKIA.s

4 symbols



ARM Macro Assembler    Page 1 Alphabetic symbol ordering
External symbols

DELAY100 00000000

Symbol: DELAY100
   Definitions
      At line 10 in file CONFIG_NOKIA.s
   Uses
      At line 25 in file CONFIG_NOKIA.s
      At line 26 in file CONFIG_NOKIA.s

1 symbol
350 symbols in table
