


ARM Macro Assembler    Page 1 


    1 00000000 40025400 
                       GPIO_PORTF_DIR
                               EQU              0x40025400  ; Since offset is 0
                                                            x400 (Directive)
    2 00000000 400FE608 
                       SYSCTL_RCGCGPIO
                               EQU              0x400FE608  ; For activating cl
                                                            ock of portB
    3 00000000 40025420 
                       GPIO_PORTF_AFSEL
                               EQU              0x40025420  ; Since offset is 0
                                                            x420 (Alternate fun
                                                            c. select)
    4 00000000 4002551C 
                       GPIO_PORTF_DEN
                               EQU              0x4002551C  ; Since offset is 0
                                                            x51c (Digital enabl
                                                            e)
    5 00000000 40025510 
                       GPIO_PORTF_PUR
                               EQU              0x40025510  ; Since offset is 0
                                                            x514
    6 00000000 400253FC 
                       PFdata  EQU              0x400253FC  ; Port F Data addre
                                                            ss 
    7 00000000 4C4F434B 
                       Lock_Key
                               EQU              0x4C4F434B  ; Unlock code for a
                                                            ll Lock Registers
    8 00000000 40025520 
                       PORTF_LOCK_R
                               EQU              0x40025520  ; Port F Lock Regis
                                                            ter
    9 00000000 40025524 
                       PORTF_GPIOCR
                               EQU              0x40025524  ; Port F Lock Regis
                                                            ter 
   10 00000000         
   11 00000000         ;LABEL    DIRECTIVE VALUE  COMMENT
   12 00000000                 AREA             routines , CODE, READONLY
   13 00000000                 THUMB
   14 00000000                 EXPORT           INIT_SWITCHES
   15 00000000         
   16 00000000         INIT_SWITCHES
                               PROC
   17 00000000 4912            LDR              R1,=SYSCTL_RCGCGPIO 
                                                            ; To activate clock
                                                            
   18 00000002 6808            LDR              R0,[R1]
   19 00000004 F040 0020       ORR              R0,R0,#0x20 ; To activate clock
                                                             for port B
   20 00000008 6008            STR              R0,[R1]
   21 0000000A BF00            NOP
   22 0000000C BF00            NOP
   23 0000000E BF00            NOP
   24 00000010 490F            LDR              R1, =PORTF_LOCK_R ; load R1 wit
                                                            h PORTF_LOCK_R addr
                                                            ess
   25 00000012 4810            LDR              R0, =Lock_Key ; load R0 with lo



ARM Macro Assembler    Page 2 


                                                            ck key
   26 00000014 6008            STR              R0, [R1]    ; store key in PORT
                                                            F_LOCK_R
   27 00000016         
   28 00000016 4910            LDR              R1, =PORTF_GPIOCR ; Enable digi
                                                            tal (vs. Analog) fu
                                                            nction
   29 00000018 6808            LDR              R0, [R1]
   30 0000001A F04F 0001       MOV              R0, #0x01
   31 0000001E 6008            STR              R0, [R1]
   32 00000020         
   33 00000020 490E            LDR              R1,=GPIO_PORTF_DIR ; To set dir
                                                            ection register
   34 00000022 6808            LDR              R0,[R1]
   35 00000024 F020 0011       BIC              R0,R0,#0x11 ; Bits 0 to 4 are s
                                                            et as inputs
   36 00000028 6008            STR              R0,[R1]
   37 0000002A 490D            LDR              R1,=GPIO_PORTF_AFSEL 
                                                            ; To set AFSEL
   38 0000002C 6808            LDR              R0,[R1]
   39 0000002E F020 0011       BIC              R0,R0,#0x11 ; No AFSEL for PF0 
                                                            and PF4
   40 00000032 6008            STR              R0,[R1]
   41 00000034 490B            LDR              R1,=GPIO_PORTF_DEN ; To enable 
                                                            digital port
   42 00000036 6808            LDR              R0,[R1]
   43 00000038 F040 0011       ORR              R0,R0,#0x11 ; Enable PF0 and PF
                                                            4
   44 0000003C 6008            STR              R0,[R1]
   45 0000003E         
   46 0000003E         
   47 0000003E 490A            LDR              R1,=GPIO_PORTF_PUR 
                                                            ; To set AFSEL
   48 00000040 6808            LDR              R0,[R1]
   49 00000042 F040 0011       ORR              R0,R0,#0x11 ; set PF0 and PF4
   50 00000046 6008            STR              R0,[R1]
   51 00000048         
   52 00000048         ; Read Switches
   53 00000048         ;Start    LDR   R1, =PFdata ; load R1 with PFdata addres
                       s
   54 00000048         ;     LDR   R0, [R1] ; read data from Port F
   55 00000048         ;     AND   R0, #0x11 ; 11:no pressed, 01:sw1 pressed, 1
                       0:sw2 pressed
   56 00000048         ;        ; (bits 4 and 0 respectively)
   57 00000048         ;     B   Start
   58 00000048         
   59 00000048         
   60 00000048                 ALIGN
   61 00000048 4770            BX               LR
   62 0000004A                 ENDP
   63 0000004A                 END
              00 00 400FE608 
              40025520 
              4C4F434B 
              40025524 
              40025400 
              40025420 
              4002551C 
              40025510 



ARM Macro Assembler    Page 3 


Command Line: --debug --xref --diag_suppress=9931 --cpu=Cortex-M4.fp --apcs=int
erwork --depend=.\objects\init_switches.d -o.\objects\init_switches.o -I.\RTE\_
Target_1 -IC:\Keil_v5\ARM\PACK\Keil\TM4C_DFP\1.1.0\Device\Include\TM4C123 -IC:\
Keil_v5\ARM\CMSIS\Include --predefine="__EVAL SETA 1" --predefine="__UVISION_VE
RSION SETA 526" --predefine="TM4C123GH6PM SETA 1" --list=.\listings\init_switch
es.lst INIT_SWITCHES.s



ARM Macro Assembler    Page 1 Alphabetic symbol ordering
Relocatable symbols

INIT_SWITCHES 00000000

Symbol: INIT_SWITCHES
   Definitions
      At line 16 in file INIT_SWITCHES.s
   Uses
      At line 14 in file INIT_SWITCHES.s
Comment: INIT_SWITCHES used once
routines 00000000

Symbol: routines
   Definitions
      At line 12 in file INIT_SWITCHES.s
   Uses
      None
Comment: routines unused
2 symbols



ARM Macro Assembler    Page 1 Alphabetic symbol ordering
Absolute symbols

GPIO_PORTF_AFSEL 40025420

Symbol: GPIO_PORTF_AFSEL
   Definitions
      At line 3 in file INIT_SWITCHES.s
   Uses
      At line 37 in file INIT_SWITCHES.s
Comment: GPIO_PORTF_AFSEL used once
GPIO_PORTF_DEN 4002551C

Symbol: GPIO_PORTF_DEN
   Definitions
      At line 4 in file INIT_SWITCHES.s
   Uses
      At line 41 in file INIT_SWITCHES.s
Comment: GPIO_PORTF_DEN used once
GPIO_PORTF_DIR 40025400

Symbol: GPIO_PORTF_DIR
   Definitions
      At line 1 in file INIT_SWITCHES.s
   Uses
      At line 33 in file INIT_SWITCHES.s
Comment: GPIO_PORTF_DIR used once
GPIO_PORTF_PUR 40025510

Symbol: GPIO_PORTF_PUR
   Definitions
      At line 5 in file INIT_SWITCHES.s
   Uses
      At line 47 in file INIT_SWITCHES.s
Comment: GPIO_PORTF_PUR used once
Lock_Key 4C4F434B

Symbol: Lock_Key
   Definitions
      At line 7 in file INIT_SWITCHES.s
   Uses
      At line 25 in file INIT_SWITCHES.s
Comment: Lock_Key used once
PFdata 400253FC

Symbol: PFdata
   Definitions
      At line 6 in file INIT_SWITCHES.s
   Uses
      None
Comment: PFdata unused
PORTF_GPIOCR 40025524

Symbol: PORTF_GPIOCR
   Definitions
      At line 9 in file INIT_SWITCHES.s
   Uses
      At line 28 in file INIT_SWITCHES.s
Comment: PORTF_GPIOCR used once
PORTF_LOCK_R 40025520

Symbol: PORTF_LOCK_R



ARM Macro Assembler    Page 2 Alphabetic symbol ordering
Absolute symbols

   Definitions
      At line 8 in file INIT_SWITCHES.s
   Uses
      At line 24 in file INIT_SWITCHES.s
Comment: PORTF_LOCK_R used once
SYSCTL_RCGCGPIO 400FE608

Symbol: SYSCTL_RCGCGPIO
   Definitions
      At line 2 in file INIT_SWITCHES.s
   Uses
      At line 17 in file INIT_SWITCHES.s
Comment: SYSCTL_RCGCGPIO used once
9 symbols
347 symbols in table
