


ARM Macro Assembler    Page 1 


    1 00000000 40004400 
                       PORTA_DIR
                               EQU              0x40004400
    2 00000000 40004420 
                       PORTA_AFSEL
                               EQU              0x40004420
    3 00000000 4000451C 
                       PORTA_DEN
                               EQU              0x4000451C
    4 00000000 40004528 
                       PORTA_AMSEL
                               EQU              0x40004528
    5 00000000 4000452C 
                       PORTA_PCTL
                               EQU              0x4000452C
    6 00000000 400FE108 
                       SYSCTL_RCGC2_R
                               EQU              0x400FE108
    7 00000000         
    8 00000000         ;LABEL  DIRECTIVE VALUE  COMMENT
    9 00000000                 AREA             main   , READONLY, CODE
   10 00000000                 THUMB                        ; Subsequent instru
                                                            ctions are Thumb
   11 00000000                 EXPORT           INIT_GPIO   ; Make available
   12 00000000         
   13 00000000         
   14 00000000         INIT_GPIO
                               PROC
   15 00000000         ; Setup GPIO
   16 00000000         
   17 00000000         ; Enable GPIO clock to use debug USB as com port (PA0, P
                       A1)
   18 00000000 4918            LDR              R1, =SYSCTL_RCGC2_R 
                                                            ; isim degisebilir
   19 00000002 6808            LDR              R0, [R1]
   20 00000004 F040 0001       ORR              R0, R0, #0x01 ; set bit 0 to en
                                                            able port A clock
   21 00000008 6008            STR              R0, [R1]
   22 0000000A BF00            NOP                          ; Let clock stabili
                                                            ze
   23 0000000C BF00            NOP
   24 0000000E BF00            NOP
   25 00000010         
   26 00000010         
   27 00000010         ;direction
   28 00000010 4915            LDR              R1, =PORTA_DIR
   29 00000012 6808            LDR              R0, [R1]
   30 00000014 F040 00C0       ORR              R0, R0, #0xC0 ; set bits 1,0 to
                                                             enable digital on 
                                                            PA0, PA1
   31 00000018 6008            STR              R0, [R1]
   32 0000001A         
   33 0000001A         ; Enable/Disable alternate functions selected   
   34 0000001A 4914            LDR              R1, =PORTA_AFSEL
   35 0000001C 6808            LDR              R0, [R1]
   36 0000001E F040 002C       ORR              R0, R0, #0x2C ;enable alt funct
                                                             on PA2,3,5
   37 00000022 F020 00C0       BIC              R0, R0, #0xC0 ; disable alt fun
                                                            ct on PA6,7



ARM Macro Assembler    Page 2 


   38 00000026 6008            STR              R0, [R1]
   39 00000028         
   40 00000028         ; Make PA0, PA1 digital
   41 00000028 4911            LDR              R1, =PORTA_DEN
   42 0000002A 6808            LDR              R0, [R1]
   43 0000002C F040 00EC       ORR              R0, R0, #0xEC ; enable digital 
                                                            I/O on PA2,3,5,6,7
   44 00000030 6008            STR              R0, [R1]
   45 00000032         
   46 00000032 4910            LDR              R1, =PORTA_PCTL
   47 00000034 6808            LDR              R0, [R1]
   48 00000036 F420 6070       BIC              R0, R0, #0x00000F00 ;configure 
                                                            PA2 as SSI
   49 0000003A F440 7000       ORR              R0, R0, #0x00000200
   50 0000003E F420 4070       BIC              R0, R0, #0x0000F000 ;configure 
                                                            PA3 as SSI
   51 00000042 F440 5000       ORR              R0, R0, #0x00002000
   52 00000046 F420 0070       BIC              R0, R0, #0x00F00000 ;configure 
                                                            PA5 as SSI
   53 0000004A F440 1000       ORR              R0, R0, #0x00200000
   54 0000004E F020 6070       BIC              R0, R0, #0x0F000000 ;configure 
                                                            PA6 as GPIO
   55 00000052 F020 4070       BIC              R0, R0, #0xF0000000 ;configure 
                                                            PA7 as GPIO
   56 00000056 6008            STR              R0, [R1]
   57 00000058         
   58 00000058 4907            LDR              R1, =PORTA_AMSEL
   59 0000005A 6808            LDR              R0, [R1]
   60 0000005C F020 00EC       BIC              R0, R0, #0xEC ; clear bits 1,0 
                                                            to disable analog o
                                                            n PA0, PA1
   61 00000060 6008            STR              R0, [R1]
   62 00000062         
   63 00000062                 ENDP
   64 00000062 4770            BX               LR
   65 00000064                 ALIGN
   66 00000064                 END
              400FE108 
              40004400 
              40004420 
              4000451C 
              4000452C 
              40004528 
Command Line: --debug --xref --diag_suppress=9931 --cpu=Cortex-M4.fp --apcs=int
erwork --depend=.\objects\init_gpio.d -o.\objects\init_gpio.o -I.\RTE\_Target_1
 -IC:\Keil_v5\ARM\PACK\Keil\TM4C_DFP\1.1.0\Device\Include\TM4C123 -IC:\Keil_v5\
ARM\CMSIS\Include --predefine="__EVAL SETA 1" --predefine="__UVISION_VERSION SE
TA 526" --predefine="TM4C123GH6PM SETA 1" --list=.\listings\init_gpio.lst INIT_
GPIO.s



ARM Macro Assembler    Page 1 Alphabetic symbol ordering
Relocatable symbols

INIT_GPIO 00000000

Symbol: INIT_GPIO
   Definitions
      At line 14 in file INIT_GPIO.s
   Uses
      At line 11 in file INIT_GPIO.s
Comment: INIT_GPIO used once
main 00000000

Symbol: main
   Definitions
      At line 9 in file INIT_GPIO.s
   Uses
      None
Comment: main unused
2 symbols



ARM Macro Assembler    Page 1 Alphabetic symbol ordering
Absolute symbols

PORTA_AFSEL 40004420

Symbol: PORTA_AFSEL
   Definitions
      At line 2 in file INIT_GPIO.s
   Uses
      At line 34 in file INIT_GPIO.s
Comment: PORTA_AFSEL used once
PORTA_AMSEL 40004528

Symbol: PORTA_AMSEL
   Definitions
      At line 4 in file INIT_GPIO.s
   Uses
      At line 58 in file INIT_GPIO.s
Comment: PORTA_AMSEL used once
PORTA_DEN 4000451C

Symbol: PORTA_DEN
   Definitions
      At line 3 in file INIT_GPIO.s
   Uses
      At line 41 in file INIT_GPIO.s
Comment: PORTA_DEN used once
PORTA_DIR 40004400

Symbol: PORTA_DIR
   Definitions
      At line 1 in file INIT_GPIO.s
   Uses
      At line 28 in file INIT_GPIO.s
Comment: PORTA_DIR used once
PORTA_PCTL 4000452C

Symbol: PORTA_PCTL
   Definitions
      At line 5 in file INIT_GPIO.s
   Uses
      At line 46 in file INIT_GPIO.s
Comment: PORTA_PCTL used once
SYSCTL_RCGC2_R 400FE108

Symbol: SYSCTL_RCGC2_R
   Definitions
      At line 6 in file INIT_GPIO.s
   Uses
      At line 18 in file INIT_GPIO.s
Comment: SYSCTL_RCGC2_R used once
6 symbols
344 symbols in table
