


ARM Macro Assembler    Page 1 


    1 00000000 E000E010 
                       SYSCTRL EQU              0xE000E010
    2 00000000         
    3 00000000         ;LABEL  DIRECTIVE VALUE  COMMENT
    4 00000000                 AREA             main   , READONLY, CODE
    5 00000000                 THUMB                        ; Subsequent instru
                                                            ctions are Thumb
    6 00000000                 EXPORT           INIT_SYSTICK_TIMER 
                                                            ; Make available
    7 00000000         
    8 00000000         
    9 00000000         
   10 00000000         INIT_SYSTICK_TIMER
                               PROC
   11 00000000 B500            PUSH             {LR}
   12 00000002 4806            LDR              R0, =SYSCTRL ; 
   13 00000004 F04F 0100       MOV              R1, #0      ; Stop systic count
                                                            er
   14 00000008 6001            STR              R1, [R0]
   15 0000000A 4905            LDR              R1, = 120000 ; Trigger every xx
                                                             cycles(xx determin
                                                            es speed) 
   16 0000000C 6041            STR              R1, [R0,#4] ; Write reload valu
                                                            e register 
   17 0000000E 6081            STR              R1, [R0,#8] ; Writing anything 
                                                            will clear this byt
                                                            e 
   18 00000010 F04F 0103       MOV              R1, #0x3    ; Choose POSC, enab
                                                            le interrupt and SY
                                                            STICK counter 
   19 00000014 6001            STR              R1, [R0]    ; Start counter
   20 00000016 F85D EB04       POP              {LR}
   21 0000001A 4770            BX               LR
   22 0000001C                 ENDP
   23 0000001C                 ALIGN
   24 0000001C                 END
              E000E010 
              0001D4C0 
Command Line: --debug --xref --diag_suppress=9931 --cpu=Cortex-M4.fp --apcs=int
erwork --depend=.\objects\init_systick_timer.d -o.\objects\init_systick_timer.o
 -I.\RTE\_Target_1 -IC:\Keil_v5\ARM\PACK\Keil\TM4C_DFP\1.1.0\Device\Include\TM4
C123 -IC:\Keil_v5\ARM\CMSIS\Include --predefine="__EVAL SETA 1" --predefine="__
UVISION_VERSION SETA 526" --predefine="TM4C123GH6PM SETA 1" --list=.\listings\i
nit_systick_timer.lst INIT_SYSTICK_TIMER.s



ARM Macro Assembler    Page 1 Alphabetic symbol ordering
Relocatable symbols

INIT_SYSTICK_TIMER 00000000

Symbol: INIT_SYSTICK_TIMER
   Definitions
      At line 10 in file INIT_SYSTICK_TIMER.s
   Uses
      At line 6 in file INIT_SYSTICK_TIMER.s
Comment: INIT_SYSTICK_TIMER used once
main 00000000

Symbol: main
   Definitions
      At line 4 in file INIT_SYSTICK_TIMER.s
   Uses
      None
Comment: main unused
2 symbols



ARM Macro Assembler    Page 1 Alphabetic symbol ordering
Absolute symbols

SYSCTRL E000E010

Symbol: SYSCTRL
   Definitions
      At line 1 in file INIT_SYSTICK_TIMER.s
   Uses
      At line 12 in file INIT_SYSTICK_TIMER.s
Comment: SYSCTRL used once
1 symbol
339 symbols in table
