


ARM Macro Assembler    Page 1 


    1 00000000         ; GPIO Registers
    2 00000000 400FE608 
                       RCGCGPIO
                               EQU              0x400FE608  ; GPIO clock regist
                                                            er
    3 00000000         ;PORT E base address EQU 0x40024000
    4 00000000 4002451C 
                       PORTE_DEN
                               EQU              0x4002451C  ; Digital Enable
    5 00000000 4002452C 
                       PORTE_PCTL
                               EQU              0x4002452C  ; Alternate functio
                                                            n select
    6 00000000 40024420 
                       PORTE_AFSEL
                               EQU              0x40024420  ; Enable Alt functi
                                                            ons
    7 00000000 40024528 
                       PORTE_AMSEL
                               EQU              0x40024528  ; Enable analog
    8 00000000 40024400 
                       PORTE_DIR
                               EQU              0x40024400  ; 
    9 00000000         
   10 00000000         ; ADC Registers
   11 00000000 400FE638 
                       RCGCADC EQU              0x400FE638  ; ADC clock registe
                                                            r
   12 00000000 40038000 
                       ADC0_ACTSS
                               EQU              0x40038000  ; Sample sequencer 
                                                            (ADC0 base address)
                                                            
   13 00000000 40038014 
                       ADC0_EMUX
                               EQU              0x40038014  ; Trigger select
   14 00000000 400380A0 
                       ADC0_SSMUX3
                               EQU              0x400380A0  ; Input channel sel
                                                            ect
   15 00000000 400380A4 
                       ADC0_SSCTL3
                               EQU              0x400380A4  ; Sample sequence c
                                                            ontrol
   16 00000000 40038FC4 
                       ADC0_PP EQU              0x40038FC4  ; Sample rate
   17 00000000         
   18 00000000         
   19 00000000 40038004 
                       ADC0_RIS
                               EQU              0x40038004
   20 00000000 40038028 
                       ADC0_PSSI
                               EQU              0x40038028
   21 00000000 400380A8 
                       ADC0_SSFIFO3
                               EQU              0x400380A8
   22 00000000 4003800C 
                       ADC0_ISC



ARM Macro Assembler    Page 2 


                               EQU              0x4003800C
   23 00000000         
   24 00000000         
   25 00000000                 AREA             main, READONLY, CODE
   26 00000000                 THUMB
   27 00000000                 EXPORT           READ_POT1
   28 00000000                 EXTERN           INIT_GPIO_POT1
   29 00000000                 EXTERN           INIT_ADC_POT1
   30 00000000                 EXTERN           CONVRT
   31 00000000                 EXTERN           OutStr
   32 00000000         
   33 00000000         READ_POT1
                               PROC
   34 00000000 B500            PUSH             {LR}
   35 00000002         ;;;;;;;;;;;;;;;INIT_GPIO_POT1;;;;;;;;;;;;;;;;;;;;;;;;;
   36 00000002 492E            LDR              R1, =RCGCGPIO ; Start clock of 
                                                            Port E
   37 00000004 6808            LDR              R0, [R1]
   38 00000006 F040 0010       ORR              R0, R0, #0x10 ; Set bit 4 to en
                                                            able port E clock
   39 0000000A 6008            STR              R0, [R1]
   40 0000000C BF00            NOP
   41 0000000E BF00            NOP
   42 00000010 BF00            NOP                          ; Let clock stabili
                                                            ze   
   43 00000012         
   44 00000012 492B            LDR              R1, =PORTE_DIR ; Make PE3 input
                                                            
   45 00000014 6808            LDR              R0, [R1]
   46 00000016 F020 0008       BIC              R0, R0, #0x08
   47 0000001A 6008            STR              R0, [R1]
   48 0000001C         
   49 0000001C         ; Enable alternate functions
   50 0000001C 4929            LDR              R1, =PORTE_AFSEL ; Enable alter
                                                            nate function for P
                                                            E3
   51 0000001E 6808            LDR              R0, [R1]
   52 00000020 F040 0008       ORR              R0, R0, #0x08 ; set bit 3 to en
                                                            able alt functions 
                                                            on PE3
   53 00000024 6008            STR              R0, [R1]
   54 00000026         ; PCTL does not have to be configured
   55 00000026         ; since ADC0 is automatically selected when
   56 00000026         ; port pin is set to analog.
   57 00000026         
   58 00000026 4928            LDR              R1, =PORTE_DEN ; Disable digita
                                                            l function of PE3 
   59 00000028 6808            LDR              R0, [R1]
   60 0000002A F020 0008       BIC              R0, R0, #0x08 ; clear bit 3 to 
                                                            disable analog on P
                                                            E3
   61 0000002E 6008            STR              R0, [R1]
   62 00000030         
   63 00000030         
   64 00000030 4926            LDR              R1, =PORTE_AMSEL ;Enable analog
                                                             function of PE3 
   65 00000032 6808            LDR              R0, [R1]
   66 00000034 F040 0008       ORR              R0, R0, #0x08 ; set bit 3 to en
                                                            able analog on PE3



ARM Macro Assembler    Page 3 


   67 00000038 6008            STR              R0, [R1]
   68 0000003A         ;;;;;;;;;;;;;;;INIT_GPIO_POT1;;;;;;;;;;;;;;;;;;;;;;;;;
   69 0000003A         
   70 0000003A         
   71 0000003A         
   72 0000003A         
   73 0000003A         ;;;;;;;;;;;;;;;INIT_ADC_POT1;;;;;;;;;;;;;;;;;;;;;;;;;
   74 0000003A 4925            LDR              R1, =RCGCADC ; Enable ADC0 cloc
                                                            k 
   75 0000003C 6808            LDR              R0, [R1]
   76 0000003E F040 0001       ORR              R0, R0, #0x01 ; set bit 0 to en
                                                            able ADC0 clock
   77 00000042 6008            STR              R0, [R1]
   78 00000044 BF00            NOP
   79 00000046 BF00            NOP
   80 00000048 BF00            NOP
   81 0000004A BF00            NOP
   82 0000004C BF00            NOP
   83 0000004E BF00            NOP
   84 00000050 BF00            NOP
   85 00000052 BF00            NOP                          ; Let clock stabili
                                                            ze
   86 00000054 491F            LDR              R1, =ADC0_ACTSS ;Disable sequen
                                                            cer 3 while ADC
   87 00000056 6808            LDR              R0, [R1]
   88 00000058 F020 0008       BIC              R0, R0, #0x08 ; clear bit 3 to 
                                                            disable seq 3
   89 0000005C 6008            STR              R0, [R1]
   90 0000005E         
   91 0000005E 491E            LDR              R1, =ADC0_EMUX ;Select Event Mu
                                                            ltiplexer(trigger s
                                                            ource) 
   92 00000060 6808            LDR              R0, [R1]    ;as processor trigg
                                                            er for SS3 
   93 00000062 F420 4070       BIC              R0, R0, #0xF000
   94 00000066 6008            STR              R0, [R1]
   95 00000068         
   96 00000068 491C            LDR              R1, =ADC0_SSMUX3 ;Select input 
                                                            channel as AIN0
   97 0000006A 6808            LDR              R0, [R1]
   98 0000006C F020 000F       BIC              R0, R0, #0x000F
   99 00000070 6008            STR              R0, [R1]
  100 00000072         
  101 00000072 491B            LDR              R1, =ADC0_SSCTL3 ;Config Sample
                                                             Sequencer Control 
                                                            3. IE0=1, END0=1
  102 00000074 6808            LDR              R0, [R1]    ;IE0:Sample Interru
                                                            pt Enable =1
  103 00000076 F040 0006       ORR              R0, R0, #0x06 ;END0:Sample is E
                                                            nd of Sequence=  1
  104 0000007A 6008            STR              R0, [R1]    ;--> First sample i
                                                            s the last sample o
                                                            f seqence   
  105 0000007C         
  106 0000007C         ; Set sample rate
  107 0000007C 4919            LDR              R1, =ADC0_PP
  108 0000007E 6808            LDR              R0, [R1]
  109 00000080 F040 0001       ORR              R0, R0, #0x01 ;Set sample rate 
                                                            as 125 kilo-samples



ARM Macro Assembler    Page 4 


                                                             per second (ksps)
  110 00000084 6008            STR              R0, [R1]
  111 00000086         
  112 00000086         ; Done with setup, enable sequencer
  113 00000086 4913            LDR              R1, =ADC0_ACTSS 
                                                            ;Enable sequencer 3
                                                            
  114 00000088 6808            LDR              R0, [R1]
  115 0000008A F040 0008       ORR              R0, R0, #0x08
  116 0000008E 6008            STR              R0, [R1]    ; sampling enabled 
                                                            but not initiated y
                                                            et
  117 00000090         ;;;;;;;;;;;;;;;INIT_ADC_POT1;;;;;;;;;;;;;;;;;;;;;;;;;
  118 00000090         
  119 00000090         
  120 00000090         ;Initiate sampling by enabling sequencer 3 in ADC0_PSSI
  121 00000090 4915    InitSamp
                               LDR              R1,=ADC0_PSSI ;Initiate ss3(sam
                                                            ple sequencer 3)
  122 00000092 6808            LDR              R0,[R1]
  123 00000094 F040 0008       ORR              R0,R0,#0x08
  124 00000098 6008            STR              R0,[R1]
  125 0000009A         
  126 0000009A         
  127 0000009A 4914    WaitSamp
                               LDR              R1,=ADC0_RIS ;Check ADC Raw Int
                                                            errupt Status regis
                                                            ter  
  128 0000009C 6808            LDR              R0,[R1]     ;whether INR3 is 1(
                                                            sample is completed
                                                            )
  129 0000009E F010 0008       ANDS             R0,R0,#0x08 ; isolate bit 3
  130 000000A2 D0FA            BEQ              WaitSamp
  131 000000A4         
  132 000000A4 4912            LDR              R1,=ADC0_SSFIFO3 ;Read ADC-inpu
                                                            t from SSFIFO3 
  133 000000A6 F8D1 8000       LDR              R8,[R1]     ;Store it at R4
  134 000000AA         
  135 000000AA 4912            LDR              R1,=ADC0_ISC ;Set Interrupt Sta
                                                            tus and Clear regis
                                                            ter
  136 000000AC 6808            LDR              R0,[R1]     ; to continue sampl
                                                            ing
  137 000000AE F040 0008       ORR              R0,R0,#0x08
  138 000000B2 6008            STR              R0,[R1]
  139 000000B4 F85D EB04       POP              {LR}
  140 000000B8 4770            BX               LR
  141 000000BA                 ENDP
  142 000000BA 00 00           ALIGN
  143 000000BC                 END
              400FE608 
              40024400 
              40024420 
              4002451C 
              40024528 
              400FE638 
              40038000 
              40038014 
              400380A0 



ARM Macro Assembler    Page 5 


              400380A4 
              40038FC4 
              40038028 
              40038004 
              400380A8 
              4003800C 
Command Line: --debug --xref --diag_suppress=9931 --cpu=Cortex-M4.fp --apcs=int
erwork --depend=.\objects\read_pot1.d -o.\objects\read_pot1.o -I.\RTE\_Target_1
 -IC:\Keil_v5\ARM\PACK\Keil\TM4C_DFP\1.1.0\Device\Include\TM4C123 -IC:\Keil_v5\
ARM\CMSIS\Include --predefine="__EVAL SETA 1" --predefine="__UVISION_VERSION SE
TA 526" --predefine="TM4C123GH6PM SETA 1" --list=.\listings\read_pot1.lst READ_
POT1.s



ARM Macro Assembler    Page 1 Alphabetic symbol ordering
Relocatable symbols

InitSamp 00000090

Symbol: InitSamp
   Definitions
      At line 121 in file READ_POT1.s
   Uses
      None
Comment: InitSamp unused
READ_POT1 00000000

Symbol: READ_POT1
   Definitions
      At line 33 in file READ_POT1.s
   Uses
      At line 27 in file READ_POT1.s
Comment: READ_POT1 used once
WaitSamp 0000009A

Symbol: WaitSamp
   Definitions
      At line 127 in file READ_POT1.s
   Uses
      At line 130 in file READ_POT1.s
Comment: WaitSamp used once
main 00000000

Symbol: main
   Definitions
      At line 25 in file READ_POT1.s
   Uses
      None
Comment: main unused
4 symbols



ARM Macro Assembler    Page 1 Alphabetic symbol ordering
Absolute symbols

ADC0_ACTSS 40038000

Symbol: ADC0_ACTSS
   Definitions
      At line 12 in file READ_POT1.s
   Uses
      At line 86 in file READ_POT1.s
      At line 113 in file READ_POT1.s

ADC0_EMUX 40038014

Symbol: ADC0_EMUX
   Definitions
      At line 13 in file READ_POT1.s
   Uses
      At line 91 in file READ_POT1.s
Comment: ADC0_EMUX used once
ADC0_ISC 4003800C

Symbol: ADC0_ISC
   Definitions
      At line 22 in file READ_POT1.s
   Uses
      At line 135 in file READ_POT1.s
Comment: ADC0_ISC used once
ADC0_PP 40038FC4

Symbol: ADC0_PP
   Definitions
      At line 16 in file READ_POT1.s
   Uses
      At line 107 in file READ_POT1.s
Comment: ADC0_PP used once
ADC0_PSSI 40038028

Symbol: ADC0_PSSI
   Definitions
      At line 20 in file READ_POT1.s
   Uses
      At line 121 in file READ_POT1.s
Comment: ADC0_PSSI used once
ADC0_RIS 40038004

Symbol: ADC0_RIS
   Definitions
      At line 19 in file READ_POT1.s
   Uses
      At line 127 in file READ_POT1.s
Comment: ADC0_RIS used once
ADC0_SSCTL3 400380A4

Symbol: ADC0_SSCTL3
   Definitions
      At line 15 in file READ_POT1.s
   Uses
      At line 101 in file READ_POT1.s
Comment: ADC0_SSCTL3 used once
ADC0_SSFIFO3 400380A8




ARM Macro Assembler    Page 2 Alphabetic symbol ordering
Absolute symbols

Symbol: ADC0_SSFIFO3
   Definitions
      At line 21 in file READ_POT1.s
   Uses
      At line 132 in file READ_POT1.s
Comment: ADC0_SSFIFO3 used once
ADC0_SSMUX3 400380A0

Symbol: ADC0_SSMUX3
   Definitions
      At line 14 in file READ_POT1.s
   Uses
      At line 96 in file READ_POT1.s
Comment: ADC0_SSMUX3 used once
PORTE_AFSEL 40024420

Symbol: PORTE_AFSEL
   Definitions
      At line 6 in file READ_POT1.s
   Uses
      At line 50 in file READ_POT1.s
Comment: PORTE_AFSEL used once
PORTE_AMSEL 40024528

Symbol: PORTE_AMSEL
   Definitions
      At line 7 in file READ_POT1.s
   Uses
      At line 64 in file READ_POT1.s
Comment: PORTE_AMSEL used once
PORTE_DEN 4002451C

Symbol: PORTE_DEN
   Definitions
      At line 4 in file READ_POT1.s
   Uses
      At line 58 in file READ_POT1.s
Comment: PORTE_DEN used once
PORTE_DIR 40024400

Symbol: PORTE_DIR
   Definitions
      At line 8 in file READ_POT1.s
   Uses
      At line 44 in file READ_POT1.s
Comment: PORTE_DIR used once
PORTE_PCTL 4002452C

Symbol: PORTE_PCTL
   Definitions
      At line 5 in file READ_POT1.s
   Uses
      None
Comment: PORTE_PCTL unused
RCGCADC 400FE638

Symbol: RCGCADC
   Definitions
      At line 11 in file READ_POT1.s



ARM Macro Assembler    Page 3 Alphabetic symbol ordering
Absolute symbols

   Uses
      At line 74 in file READ_POT1.s
Comment: RCGCADC used once
RCGCGPIO 400FE608

Symbol: RCGCGPIO
   Definitions
      At line 2 in file READ_POT1.s
   Uses
      At line 36 in file READ_POT1.s
Comment: RCGCGPIO used once
16 symbols



ARM Macro Assembler    Page 1 Alphabetic symbol ordering
External symbols

CONVRT 00000000

Symbol: CONVRT
   Definitions
      At line 30 in file READ_POT1.s
   Uses
      None
Comment: CONVRT unused
INIT_ADC_POT1 00000000

Symbol: INIT_ADC_POT1
   Definitions
      At line 29 in file READ_POT1.s
   Uses
      None
Comment: INIT_ADC_POT1 unused
INIT_GPIO_POT1 00000000

Symbol: INIT_GPIO_POT1
   Definitions
      At line 28 in file READ_POT1.s
   Uses
      None
Comment: INIT_GPIO_POT1 unused
OutStr 00000000

Symbol: OutStr
   Definitions
      At line 31 in file READ_POT1.s
   Uses
      None
Comment: OutStr unused
4 symbols
360 symbols in table
